<?xml version="1.0" encoding="UTF-8"?>
<testsuite xmlns:xsi="http://www.w3.org/2001/XMLSchema-instance" xsi:noNamespaceSchemaLocation="https://maven.apache.org/surefire/maven-surefire-plugin/xsd/surefire-test-report-3.0.xsd" version="3.0" name="TestSuite" time="11.7" tests="4" errors="0" skipped="0" failures="0">
  <properties>
    <property name="sun.desktop" value="windows"/>
    <property name="awt.toolkit" value="sun.awt.windows.WToolkit"/>
    <property name="java.specification.version" value="11"/>
    <property name="sun.cpu.isalist" value="amd64"/>
    <property name="sun.jnu.encoding" value="Cp1251"/>
    <property name="java.class.path" value="C:\Users\nazar.leshchuk\Desktop\studyProjects\java-pw-cucumber-allure\target\test-classes;C:\Users\nazar.leshchuk\Desktop\studyProjects\java-pw-cucumber-allure\target\classes;C:\Users\nazar.leshchuk\.m2\repository\com\microsoft\playwright\playwright\1.27.1\playwright-1.27.1.jar;C:\Users\nazar.leshchuk\.m2\repository\com\google\code\gson\gson\2.8.9\gson-2.8.9.jar;C:\Users\nazar.leshchuk\.m2\repository\org\opentest4j\opentest4j\1.2.0\opentest4j-1.2.0.jar;C:\Users\nazar.leshchuk\.m2\repository\com\microsoft\playwright\driver\1.27.1\driver-1.27.1.jar;C:\Users\nazar.leshchuk\.m2\repository\com\microsoft\playwright\driver-bundle\1.27.1\driver-bundle-1.27.1.jar;C:\Users\nazar.leshchuk\.m2\repository\com\github\javafaker\javafaker\1.0.2\javafaker-1.0.2.jar;C:\Users\nazar.leshchuk\.m2\repository\org\apache\commons\commons-lang3\3.5\commons-lang3-3.5.jar;C:\Users\nazar.leshchuk\.m2\repository\org\yaml\snakeyaml\1.23\snakeyaml-1.23-android.jar;C:\Users\nazar.leshchuk\.m2\repository\com\github\mifmif\generex\1.0.2\generex-1.0.2.jar;C:\Users\nazar.leshchuk\.m2\repository\dk\brics\automaton\automaton\1.11-8\automaton-1.11-8.jar;C:\Users\nazar.leshchuk\.m2\repository\io\cucumber\cucumber-java\5.7.0\cucumber-java-5.7.0.jar;C:\Users\nazar.leshchuk\.m2\repository\io\cucumber\cucumber-core\5.7.0\cucumber-core-5.7.0.jar;C:\Users\nazar.leshchuk\.m2\repository\io\cucumber\cucumber-gherkin\5.7.0\cucumber-gherkin-5.7.0.jar;C:\Users\nazar.leshchuk\.m2\repository\io\cucumber\cucumber-gherkin-vintage\5.7.0\cucumber-gherkin-vintage-5.7.0.jar;C:\Users\nazar.leshchuk\.m2\repository\io\cucumber\tag-expressions\2.0.4\tag-expressions-2.0.4.jar;C:\Users\nazar.leshchuk\.m2\repository\io\cucumber\cucumber-expressions\8.3.1\cucumber-expressions-8.3.1.jar;C:\Users\nazar.leshchuk\.m2\repository\io\cucumber\datatable\3.3.1\datatable-3.3.1.jar;C:\Users\nazar.leshchuk\.m2\repository\io\cucumber\cucumber-plugin\5.7.0\cucumber-plugin-5.7.0.jar;C:\Users\nazar.leshchuk\.m2\repository\io\cucumber\docstring\5.7.0\docstring-5.7.0.jar;C:\Users\nazar.leshchuk\.m2\repository\org\apiguardian\apiguardian-api\1.1.0\apiguardian-api-1.1.0.jar;C:\Users\nazar.leshchuk\.m2\repository\io\cucumber\cucumber-testng\5.7.0\cucumber-testng-5.7.0.jar;C:\Users\nazar.leshchuk\.m2\repository\org\testng\testng\7.1.0\testng-7.1.0.jar;C:\Users\nazar.leshchuk\.m2\repository\com\beust\jcommander\1.72\jcommander-1.72.jar;C:\Users\nazar.leshchuk\.m2\repository\com\google\inject\guice\4.1.0\guice-4.1.0-no_aop.jar;C:\Users\nazar.leshchuk\.m2\repository\javax\inject\javax.inject\1\javax.inject-1.jar;C:\Users\nazar.leshchuk\.m2\repository\aopalliance\aopalliance\1.0\aopalliance-1.0.jar;C:\Users\nazar.leshchuk\.m2\repository\com\google\guava\guava\19.0\guava-19.0.jar;C:\Users\nazar.leshchuk\.m2\repository\org\yaml\snakeyaml\1.21\snakeyaml-1.21.jar;C:\Users\nazar.leshchuk\.m2\repository\org\hamcrest\hamcrest\2.2\hamcrest-2.2.jar;C:\Users\nazar.leshchuk\.m2\repository\io\qameta\allure\allure-cucumber5-jvm\2.14.0\allure-cucumber5-jvm-2.14.0.jar;C:\Users\nazar.leshchuk\.m2\repository\io\qameta\allure\allure-java-commons\2.14.0\allure-java-commons-2.14.0.jar;C:\Users\nazar.leshchuk\.m2\repository\org\slf4j\slf4j-api\1.7.30\slf4j-api-1.7.30.jar;C:\Users\nazar.leshchuk\.m2\repository\io\qameta\allure\allure-model\2.14.0\allure-model-2.14.0.jar;C:\Users\nazar.leshchuk\.m2\repository\com\fasterxml\jackson\core\jackson-databind\2.12.3\jackson-databind-2.12.3.jar;C:\Users\nazar.leshchuk\.m2\repository\com\fasterxml\jackson\core\jackson-annotations\2.12.3\jackson-annotations-2.12.3.jar;C:\Users\nazar.leshchuk\.m2\repository\com\fasterxml\jackson\core\jackson-core\2.12.3\jackson-core-2.12.3.jar;C:\Users\nazar.leshchuk\.m2\repository\org\apache\tika\tika-core\1.26\tika-core-1.26.jar;C:\Users\nazar.leshchuk\.m2\repository\javax\xml\bind\jaxb-api\2.3.1\jaxb-api-2.3.1.jar;C:\Users\nazar.leshchuk\.m2\repository\javax\activation\javax.activation-api\1.2.0\javax.activation-api-1.2.0.jar;C:\Users\nazar.leshchuk\.m2\repository\javax\activation\activation\1.1.1\activation-1.1.1.jar;C:\Users\nazar.leshchuk\.m2\repository\org\jooq\joor-java-8\0.9.14\joor-java-8-0.9.14.jar;C:\Users\nazar.leshchuk\.m2\repository\io\cucumber\gherkin\5.1.0\gherkin-5.1.0.jar;C:\Users\nazar.leshchuk\.m2\repository\io\cucumber\gherkin-jvm-deps\1.0.4\gherkin-jvm-deps-1.0.4.jar;"/>
    <property name="java.vm.vendor" value="Oracle Corporation"/>
    <property name="sun.arch.data.model" value="64"/>
    <property name="user.variant" value=""/>
    <property name="java.vendor.url" value="https://openjdk.java.net/"/>
    <property name="user.timezone" value="Europe/Helsinki"/>
    <property name="user.country.format" value="UA"/>
    <property name="java.vm.specification.version" value="11"/>
    <property name="os.name" value="Windows 10"/>
    <property name="sun.java.launcher" value="SUN_STANDARD"/>
    <property name="user.country" value="US"/>
    <property name="sun.boot.library.path" value="C:\Program Files\Java\jdk-11.0.11\bin"/>
    <property name="sun.java.command" value="C:\Users\nazar.leshchuk\AppData\Local\Temp\surefire125891772080376751\surefirebooter2237920570889614555.jar C:\Users\nazar.leshchuk\AppData\Local\Temp\surefire125891772080376751 2022-10-20T15-39-31_777-jvmRun1 surefire6487181265101012839tmp surefire_011439310152864655748tmp"/>
    <property name="jdk.debug" value="release"/>
    <property name="surefire.test.class.path" value="C:\Users\nazar.leshchuk\Desktop\studyProjects\java-pw-cucumber-allure\target\test-classes;C:\Users\nazar.leshchuk\Desktop\studyProjects\java-pw-cucumber-allure\target\classes;C:\Users\nazar.leshchuk\.m2\repository\com\microsoft\playwright\playwright\1.27.1\playwright-1.27.1.jar;C:\Users\nazar.leshchuk\.m2\repository\com\google\code\gson\gson\2.8.9\gson-2.8.9.jar;C:\Users\nazar.leshchuk\.m2\repository\org\opentest4j\opentest4j\1.2.0\opentest4j-1.2.0.jar;C:\Users\nazar.leshchuk\.m2\repository\com\microsoft\playwright\driver\1.27.1\driver-1.27.1.jar;C:\Users\nazar.leshchuk\.m2\repository\com\microsoft\playwright\driver-bundle\1.27.1\driver-bundle-1.27.1.jar;C:\Users\nazar.leshchuk\.m2\repository\com\github\javafaker\javafaker\1.0.2\javafaker-1.0.2.jar;C:\Users\nazar.leshchuk\.m2\repository\org\apache\commons\commons-lang3\3.5\commons-lang3-3.5.jar;C:\Users\nazar.leshchuk\.m2\repository\org\yaml\snakeyaml\1.23\snakeyaml-1.23-android.jar;C:\Users\nazar.leshchuk\.m2\repository\com\github\mifmif\generex\1.0.2\generex-1.0.2.jar;C:\Users\nazar.leshchuk\.m2\repository\dk\brics\automaton\automaton\1.11-8\automaton-1.11-8.jar;C:\Users\nazar.leshchuk\.m2\repository\io\cucumber\cucumber-java\5.7.0\cucumber-java-5.7.0.jar;C:\Users\nazar.leshchuk\.m2\repository\io\cucumber\cucumber-core\5.7.0\cucumber-core-5.7.0.jar;C:\Users\nazar.leshchuk\.m2\repository\io\cucumber\cucumber-gherkin\5.7.0\cucumber-gherkin-5.7.0.jar;C:\Users\nazar.leshchuk\.m2\repository\io\cucumber\cucumber-gherkin-vintage\5.7.0\cucumber-gherkin-vintage-5.7.0.jar;C:\Users\nazar.leshchuk\.m2\repository\io\cucumber\tag-expressions\2.0.4\tag-expressions-2.0.4.jar;C:\Users\nazar.leshchuk\.m2\repository\io\cucumber\cucumber-expressions\8.3.1\cucumber-expressions-8.3.1.jar;C:\Users\nazar.leshchuk\.m2\repository\io\cucumber\datatable\3.3.1\datatable-3.3.1.jar;C:\Users\nazar.leshchuk\.m2\repository\io\cucumber\cucumber-plugin\5.7.0\cucumber-plugin-5.7.0.jar;C:\Users\nazar.leshchuk\.m2\repository\io\cucumber\docstring\5.7.0\docstring-5.7.0.jar;C:\Users\nazar.leshchuk\.m2\repository\org\apiguardian\apiguardian-api\1.1.0\apiguardian-api-1.1.0.jar;C:\Users\nazar.leshchuk\.m2\repository\io\cucumber\cucumber-testng\5.7.0\cucumber-testng-5.7.0.jar;C:\Users\nazar.leshchuk\.m2\repository\org\testng\testng\7.1.0\testng-7.1.0.jar;C:\Users\nazar.leshchuk\.m2\repository\com\beust\jcommander\1.72\jcommander-1.72.jar;C:\Users\nazar.leshchuk\.m2\repository\com\google\inject\guice\4.1.0\guice-4.1.0-no_aop.jar;C:\Users\nazar.leshchuk\.m2\repository\javax\inject\javax.inject\1\javax.inject-1.jar;C:\Users\nazar.leshchuk\.m2\repository\aopalliance\aopalliance\1.0\aopalliance-1.0.jar;C:\Users\nazar.leshchuk\.m2\repository\com\google\guava\guava\19.0\guava-19.0.jar;C:\Users\nazar.leshchuk\.m2\repository\org\yaml\snakeyaml\1.21\snakeyaml-1.21.jar;C:\Users\nazar.leshchuk\.m2\repository\org\hamcrest\hamcrest\2.2\hamcrest-2.2.jar;C:\Users\nazar.leshchuk\.m2\repository\io\qameta\allure\allure-cucumber5-jvm\2.14.0\allure-cucumber5-jvm-2.14.0.jar;C:\Users\nazar.leshchuk\.m2\repository\io\qameta\allure\allure-java-commons\2.14.0\allure-java-commons-2.14.0.jar;C:\Users\nazar.leshchuk\.m2\repository\org\slf4j\slf4j-api\1.7.30\slf4j-api-1.7.30.jar;C:\Users\nazar.leshchuk\.m2\repository\io\qameta\allure\allure-model\2.14.0\allure-model-2.14.0.jar;C:\Users\nazar.leshchuk\.m2\repository\com\fasterxml\jackson\core\jackson-databind\2.12.3\jackson-databind-2.12.3.jar;C:\Users\nazar.leshchuk\.m2\repository\com\fasterxml\jackson\core\jackson-annotations\2.12.3\jackson-annotations-2.12.3.jar;C:\Users\nazar.leshchuk\.m2\repository\com\fasterxml\jackson\core\jackson-core\2.12.3\jackson-core-2.12.3.jar;C:\Users\nazar.leshchuk\.m2\repository\org\apache\tika\tika-core\1.26\tika-core-1.26.jar;C:\Users\nazar.leshchuk\.m2\repository\javax\xml\bind\jaxb-api\2.3.1\jaxb-api-2.3.1.jar;C:\Users\nazar.leshchuk\.m2\repository\javax\activation\javax.activation-api\1.2.0\javax.activation-api-1.2.0.jar;C:\Users\nazar.leshchuk\.m2\repository\javax\activation\activation\1.1.1\activation-1.1.1.jar;C:\Users\nazar.leshchuk\.m2\repository\org\jooq\joor-java-8\0.9.14\joor-java-8-0.9.14.jar;C:\Users\nazar.leshchuk\.m2\repository\io\cucumber\gherkin\5.1.0\gherkin-5.1.0.jar;C:\Users\nazar.leshchuk\.m2\repository\io\cucumber\gherkin-jvm-deps\1.0.4\gherkin-jvm-deps-1.0.4.jar;"/>
    <property name="sun.cpu.endian" value="little"/>
    <property name="allure.results.directory" value="C:\Users\nazar.leshchuk\Desktop\studyProjects\java-pw-cucumber-allure\target/allure-results"/>
    <property name="user.home" value="C:\Users\nazar.leshchuk"/>
    <property name="user.language" value="en"/>
    <property name="java.specification.vendor" value="Oracle Corporation"/>
    <property name="java.version.date" value="2021-04-20"/>
    <property name="java.home" value="C:\Program Files\Java\jdk-11.0.11"/>
    <property name="file.separator" value="\"/>
    <property name="basedir" value="C:\Users\nazar.leshchuk\Desktop\studyProjects\java-pw-cucumber-allure"/>
    <property name="java.vm.compressedOopsMode" value="Zero based"/>
    <property name="line.separator" value="&#10;"/>
    <property name="java.specification.name" value="Java Platform API Specification"/>
    <property name="java.vm.specification.vendor" value="Oracle Corporation"/>
    <property name="java.awt.graphicsenv" value="sun.awt.Win32GraphicsEnvironment"/>
    <property name="surefire.real.class.path" value="C:\Users\nazar.leshchuk\AppData\Local\Temp\surefire125891772080376751\surefirebooter2237920570889614555.jar"/>
    <property name="user.script" value=""/>
    <property name="sun.management.compiler" value="HotSpot 64-Bit Tiered Compilers"/>
    <property name="java.runtime.version" value="11.0.11+9-LTS-194"/>
    <property name="user.name" value="nazar.leshchuk"/>
    <property name="path.separator" value=";"/>
    <property name="os.version" value="10.0"/>
    <property name="java.runtime.name" value="Java(TM) SE Runtime Environment"/>
    <property name="file.encoding" value="Cp1251"/>
    <property name="java.vm.name" value="Java HotSpot(TM) 64-Bit Server VM"/>
    <property name="java.vendor.version" value="18.9"/>
    <property name="localRepository" value="C:\Users\nazar.leshchuk\.m2\repository"/>
    <property name="cucumber.options" value="--plugin io.qameta.allure.cucumber5jvm.AllureCucumber5Jvm"/>
    <property name="java.vendor.url.bug" value="https://bugreport.java.com/bugreport/"/>
    <property name="java.io.tmpdir" value="C:\Users\NAZAR~1.LES\AppData\Local\Temp\"/>
    <property name="java.version" value="11.0.11"/>
    <property name="user.dir" value="C:\Users\nazar.leshchuk\Desktop\studyProjects\java-pw-cucumber-allure"/>
    <property name="os.arch" value="amd64"/>
    <property name="java.vm.specification.name" value="Java Virtual Machine Specification"/>
    <property name="java.awt.printerjob" value="sun.awt.windows.WPrinterJob"/>
    <property name="user.language.format" value="uk"/>
    <property name="sun.os.patch.level" value=""/>
    <property name="java.library.path" value="C:\Program Files\Java\jdk-11.0.11\bin;C:\Windows\Sun\Java\bin;C:\Windows\system32;C:\Windows;C:\Program Files\Common Files\Oracle\Java\javapath;C:\Windows\system32;C:\Windows;C:\Windows\System32\Wbem;C:\Windows\System32\WindowsPowerShell\v1.0\;C:\Windows\System32\OpenSSH\;C:\Program Files (x86)\Microsoft SQL Server\150\DTS\Binn\;C:\Program Files\Azure Data Studio\bin;C:\Program Files\Git\cmd;C:\Users\nazar.leshchuk\Desktop\Deluxe-projects\apache-maven-3.8.2-bin\apache-maven-3.8.2\bin;C:\Program Files\nodejs\;C:\Program Files\PuTTY\;C:\Program Files\dotnet\;C:\Users\nazar.leshchuk\AppData\Local\Microsoft\WindowsApps;;C:\Program Files\Azure Data Studio\bin;C:\Users\nazar.leshchuk\AppData\Roaming\npm;C:\Users\nazar.leshchuk\AppData\Local\Programs\Microsoft VS Code\bin;."/>
    <property name="java.vendor" value="Oracle Corporation"/>
    <property name="java.vm.info" value="mixed mode"/>
    <property name="java.vm.version" value="11.0.11+9-LTS-194"/>
    <property name="sun.io.unicode.encoding" value="UnicodeLittle"/>
    <property name="java.class.version" value="55.0"/>
  </properties>
  <testcase name="runScenario[&quot;Add new recipe&quot;, &quot;Recipe Book tests&quot;](1)" classname="CucumberRunnerTest" time="3.904">
    <system-err><![CDATA[жовт. 20, 2022 3:39:33 ПП io.cucumber.core.options.CucumberPropertiesParser parse
WARNING: Passing commandline options via the property `cucumber.options` has been deprecatedin favour of explicitly using property names.
Please use these instead: [cucumber.ansi-colors.disabled, cucumber.execution.dry-run, cucumber.execution.limit, cucumber.execution.order, cucumber.execution.strict, cucumber.execution.wip, cucumber.features, cucumber.filter.name, cucumber.filter.tags, cucumber.glue, cucumber.object-factory, cucumber.plugin, cucumber.snippet-type]
жовт. 20, 2022 3:39:33 ПП io.cucumber.testng.TestNGCucumberRunner <init>
WARNING: By default Cucumber is running in --non-strict mode.
This default will change to --strict and --non-strict will be removed.
You can use --strict or @CucumberOptions(strict = true) to suppress this warning
SLF4J: Failed to load class "org.slf4j.impl.StaticLoggerBinder".
SLF4J: Defaulting to no-operation (NOP) logger implementation
SLF4J: See http://www.slf4j.org/codes.html#StaticLoggerBinder for further details.
]]></system-err>
  </testcase>
  <testcase name="runScenario[&quot;Create and edit recipe&quot;, &quot;Recipe Book tests&quot;](2)" classname="CucumberRunnerTest" time="2.521"/>
  <testcase name="runScenario[&quot;Create and delete recipe&quot;, &quot;Recipe Book tests&quot;](3)" classname="CucumberRunnerTest" time="2.188"/>
  <testcase name="runScenario[&quot;Create recipe and add to shopping list&quot;, &quot;Recipe Book tests&quot;](4)" classname="CucumberRunnerTest" time="2.318"/>
</testsuite>