<?xml version="1.0" encoding="UTF-8"?>
<!-- Generated by org.testng.reporters.JUnitReportReporter -->
<testsuite hostname="LWO1-LDL-A11479" failures="0" tests="4" name="CucumberRunnerTest" time="10.937" errors="0" timestamp="2022-10-20T15:39:44 EEST" skipped="0">
  <testcase classname="CucumberRunnerTest" name="runScenario" time="2.188"/>
  <system-out/>
  <testcase classname="CucumberRunnerTest" name="runScenario" time="3.909"/>
  <system-out/>
  <testcase classname="CucumberRunnerTest" name="runScenario" time="2.317"/>
  <system-out/>
  <testcase classname="CucumberRunnerTest" name="runScenario" time="2.523"/>
  <system-out/>
</testsuite> <!-- CucumberRunnerTest -->
